<?xml version="1.0" encoding="UTF-8"?>
<testsuite xmlns:xsi="http://www.w3.org/2001/XMLSchema-instance" xsi:noNamespaceSchemaLocation="https://maven.apache.org/surefire/maven-surefire-plugin/xsd/surefire-test-report.xsd" version="3.0.2" name="TestSuite" time="4.894" tests="2" errors="0" skipped="0" failures="0">
  <properties>
[...]
</properties>
  <testcase name="login1Test" classname="techWithJatin.apis.tests.LoginTest" time="0.01">
    <system-out><![CDATA[2025-02-15T10:58:02.949359700Z main ERROR Log4j API could not find a logging provider.
Print in logs
login1Test
]]></system-out>
    <system-err><![CDATA[SLF4J: Failed to load class "org.slf4j.impl.StaticLoggerBinder".
SLF4J: Defaulting to no-operation (NOP) logger implementation
SLF4J: See http://www.slf4j.org/codes.html#StaticLoggerBinder for further details.
]]></system-err>
  </testcase>
  <testcase name="loginTest" classname="techWithJatin.apis.tests.LoginTest" time="3.973">
    <system-out><![CDATA[Print in logs
Request method:	POST
Request URI:	http://64.227.160.186:8080/api/auth/login
Proxy:			<none>
Request params:	<none>
Query params:	<none>
Form params:	<none>
Path params:	<none>
Headers:		Accept=*/*
				Content-Type=application/json
Cookies:		<none>
Multiparts:		<none>
Body:
{
    "username": "nived125",
    "password": "nived125"
}
Response: {
    "token": "eyJhbGciOiJIUzI1NiJ9.eyJzdWIiOiJuaXZlZDEyNSIsImlhdCI6MTczOTYxNzA4NywiZXhwIjoxNzM5NjIwNjg3fQ.PEV_yXPd8ldeYy1Ok2YOTdS_gh0LcCkRDT-JXxcPPkY",
    "type": "Bearer",
    "id": 73,
    "username": "nived125",
    "email": "nived125@test.com",
    "roles": [
        "ROLE_USER"
    ]
}
LoginResponse Username: nived125
LoginResponse Email: nived125@test.com
LoginResponse Type: Bearer
LoginResponse Token: eyJhbGciOiJIUzI1NiJ9.eyJzdWIiOiJuaXZlZDEyNSIsImlhdCI6MTczOTYxNzA4NywiZXhwIjoxNzM5NjIwNjg3fQ.PEV_yXPd8ldeYy1Ok2YOTdS_gh0LcCkRDT-JXxcPPkY
LoginResponse Roles: [ROLE_USER]
LoginResponse Id: 73
]]></system-out>
  </testcase>
</testsuite>